#
# There is insufficient memory for the Java Runtime Environment to continue.
# Native memory allocation (mmap) failed to map 67108864 bytes for G1 virtual space
# Possible reasons:
#   The system is out of physical RAM or swap space
#   The process is running with CompressedOops enabled, and the Java Heap may be blocking the growth of the native heap
# Possible solutions:
#   Reduce memory load on the system
#   Increase physical memory or swap space
#   Check if swap backing store is full
#   Decrease Java heap size (-Xmx/-Xms)
#   Decrease number of Java threads
#   Decrease Java thread stack sizes (-Xss)
#   Set larger code cache with -XX:ReservedCodeCacheSize=
#   JVM is running with Unscaled Compressed Oops mode in which the Java heap is
#     placed in the first 4GB address space. The Java Heap base address is the
#     maximum limit for the native heap growth. Please use -XX:HeapBaseMinAddress
#     to set the Java Heap base and to place the Java Heap above 4GB virtual address.
# This output file may be truncated or incomplete.
#
#  Out of Memory Error (os_windows.cpp:3600), pid=14984, tid=14520
#
# JRE version:  (21.0+35) (build )
# Java VM: Java HotSpot(TM) 64-Bit Server VM (21+35-LTS-2513, mixed mode, sharing, tiered, compressed oops, compressed class ptrs, g1 gc, windows-amd64)
# No core dump will be written. Minidumps are not enabled by default on client versions of Windows
#

---------------  S U M M A R Y ------------

Command Line: -Dmaven.multiModuleProjectDirectory=C:\Users\korol\Desktop\GeekBrains\JAVA Development Kit\HomeWork\HomeWork_6 -Djansi.passthrough=true -Dmaven.home=C:\Program Files\JetBrains\IntelliJ IDEA Community Edition 2023.2.2\plugins\maven\lib\maven3 -Dclassworlds.conf=C:\Program Files\JetBrains\IntelliJ IDEA Community Edition 2023.2.2\plugins\maven\lib\maven3\bin\m2.conf -Dmaven.ext.class.path=C:\Program Files\JetBrains\IntelliJ IDEA Community Edition 2023.2.2\plugins\maven\lib\maven-event-listener.jar -javaagent:C:\Program Files\JetBrains\IntelliJ IDEA Community Edition 2023.2.2\lib\idea_rt.jar=51550:C:\Program Files\JetBrains\IntelliJ IDEA Community Edition 2023.2.2\bin -Dfile.encoding=UTF-8 -Dsun.stdout.encoding=UTF-8 -Dsun.stderr.encoding=UTF-8 org.codehaus.classworlds.Launcher -Didea.version=2023.2.5 test

Host: Intel(R) Pentium(R) CPU 4415U @ 2.30GHz, 4 cores, 3G,  Windows 10 , 64 bit Build 19041 (10.0.19041.3636)
Time: Sat Jun 15 23:37:13 2024  Windows 10 , 64 bit Build 19041 (10.0.19041.3636) elapsed time: 0.065873 seconds (0d 0h 0m 0s)

---------------  T H R E A D  ---------------

Current thread (0x0000019186a42b70):  JavaThread "Unknown thread" [_thread_in_vm, id=14520, stack(0x0000000b1a100000,0x0000000b1a200000) (1024K)]

Stack: [0x0000000b1a100000,0x0000000b1a200000]
Native frames: (J=compiled Java code, j=interpreted, Vv=VM code, C=native code)
V  [jvm.dll+0x6c8d39]
V  [jvm.dll+0x854091]
V  [jvm.dll+0x85630e]
V  [jvm.dll+0x8569e3]
V  [jvm.dll+0x2809a6]
V  [jvm.dll+0x6c5425]
V  [jvm.dll+0x6b9e1a]
V  [jvm.dll+0x3555ba]
V  [jvm.dll+0x35d206]
V  [jvm.dll+0x3adf6e]
V  [jvm.dll+0x3ae218]
V  [jvm.dll+0x328fcc]
V  [jvm.dll+0x329b5b]
V  [jvm.dll+0x81c699]
V  [jvm.dll+0x3bb2a1]
V  [jvm.dll+0x805688]
V  [jvm.dll+0x44ed9e]
V  [jvm.dll+0x4506a1]
C  [jli.dll+0x52a3]
C  [ucrtbase.dll+0x21bb2]
C  [KERNEL32.DLL+0x17344]
C  [ntdll.dll+0x4cc91]


---------------  P R O C E S S  ---------------

Threads class SMR info:
_java_thread_list=0x00007ffd18c57b48, length=0, elements={
}

Java Threads: ( => current thread )
Total: 0

Other Threads:
  0x0000019186a7d070 WorkerThread "GC Thread#0"                     [id=15316, stack(0x0000000b1a200000,0x0000000b1a300000) (1024K)]
  0x0000019186a85ce0 ConcurrentGCThread "G1 Main Marker"            [id=5188, stack(0x0000000b1a300000,0x0000000b1a400000) (1024K)]
  0x0000019186a868a0 WorkerThread "G1 Conc#0"                       [id=13244, stack(0x0000000b1a400000,0x0000000b1a500000) (1024K)]

[error occurred during error reporting (printing all threads), id 0xc0000005, EXCEPTION_ACCESS_VIOLATION (0xc0000005) at pc=0x00007ffd183cc097]
VM state: not at safepoint (not fully initialized)

VM Mutex/Monitor currently owned by a thread:  ([mutex/lock_event])
[0x00007ffd18cc8648] Heap_lock - owner thread: 0x0000019186a42b70

Heap address: 0x00000000c1400000, size: 1004 MB, Compressed Oops mode: 32-bit

CDS archive(s) mapped at: [0x0000000000000000-0x0000000000000000-0x0000000000000000), size 0, SharedBaseAddress: 0x0000000800000000, ArchiveRelocationMode: 1.
Narrow klass base: 0x0000000000000000, Narrow klass shift: 0, Narrow klass range: 0x0

GC Precious Log:
 CardTable entry size: 512
 Card Set container configuration: InlinePtr #cards 5 size 8 Array Of Cards #cards 12 size 40 Howl #buckets 4 coarsen threshold 1843 Howl Bitmap #cards 512 size 80 coarsen threshold 460 Card regions per heap region 1 cards per card region 2048

Heap:
 garbage-first heap   total 0K, used 0K [0x00000000c1400000, 0x0000000100000000)
  region size 1024K, 0 young (0K), 0 survivors (0K)

[error occurred during error reporting (printing heap information), id 0xc0000005, EXCEPTION_ACCESS_VIOLATION (0xc0000005) at pc=0x00007ffd187b1939]
GC Heap History (0 events):
No events

Dll operation events (1 events):
Event: 0.026 Loaded shared library C:\Program Files\Java\jdk-21\bin\java.dll

Deoptimization events (0 events):
No events

Classes loaded (0 events):
No events

Classes unloaded (0 events):
No events

Classes redefined (0 events):
No events

Internal exceptions (0 events):
No events

ZGC Phase Switch (0 events):
No events

VM Operations (0 events):
No events

Events (0 events):
No events


Dynamic libraries:
0x00007ff70e660000 - 0x00007ff70e670000 	C:\Program Files\Java\jdk-21\bin\java.exe
0x00007ffd53ff0000 - 0x00007ffd541e8000 	C:\WINDOWS\SYSTEM32\ntdll.dll
0x00007ffd524d0000 - 0x00007ffd5258d000 	C:\WINDOWS\System32\KERNEL32.DLL
0x00007ffd51900000 - 0x00007ffd51bf6000 	C:\WINDOWS\System32\KERNELBASE.dll
0x00007ffd51d50000 - 0x00007ffd51e50000 	C:\WINDOWS\System32\ucrtbase.dll
0x00007ffd4b150000 - 0x00007ffd4b169000 	C:\Program Files\Java\jdk-21\bin\jli.dll
0x00007ffd4b580000 - 0x00007ffd4b59b000 	C:\Program Files\Java\jdk-21\bin\VCRUNTIME140.dll
0x00007ffd53900000 - 0x00007ffd539b0000 	C:\WINDOWS\System32\ADVAPI32.dll
0x00007ffd539b0000 - 0x00007ffd53a4e000 	C:\WINDOWS\System32\msvcrt.dll
0x00007ffd52760000 - 0x00007ffd52800000 	C:\WINDOWS\System32\sechost.dll
0x00007ffd52040000 - 0x00007ffd52163000 	C:\WINDOWS\System32\RPCRT4.dll
0x00007ffd52000000 - 0x00007ffd52027000 	C:\WINDOWS\System32\bcrypt.dll
0x00007ffd52950000 - 0x00007ffd52aef000 	C:\WINDOWS\System32\USER32.dll
0x00007ffd51c00000 - 0x00007ffd51c22000 	C:\WINDOWS\System32\win32u.dll
0x00007ffd52b60000 - 0x00007ffd52b8b000 	C:\WINDOWS\System32\GDI32.dll
0x00007ffd516b0000 - 0x00007ffd517c7000 	C:\WINDOWS\System32\gdi32full.dll
0x00007ffd51860000 - 0x00007ffd518fd000 	C:\WINDOWS\System32\msvcp_win.dll
0x00007ffd39630000 - 0x00007ffd398ca000 	C:\WINDOWS\WinSxS\amd64_microsoft.windows.common-controls_6595b64144ccf1df_6.0.19041.4355_none_60b8b9eb71f62e16\COMCTL32.dll
0x00007ffd4ba30000 - 0x00007ffd4ba3a000 	C:\WINDOWS\SYSTEM32\VERSION.dll
0x00007ffd52920000 - 0x00007ffd5294f000 	C:\WINDOWS\System32\IMM32.DLL
0x00007ffd4ba50000 - 0x00007ffd4ba5c000 	C:\Program Files\Java\jdk-21\bin\vcruntime140_1.dll
0x00007ffd1bee0000 - 0x00007ffd1bf6e000 	C:\Program Files\Java\jdk-21\bin\msvcp140.dll
0x00007ffd18090000 - 0x00007ffd18da3000 	C:\Program Files\Java\jdk-21\bin\server\jvm.dll
0x00007ffd52af0000 - 0x00007ffd52b5b000 	C:\WINDOWS\System32\WS2_32.dll
0x00007ffd50bb0000 - 0x00007ffd50bfb000 	C:\WINDOWS\SYSTEM32\POWRPROF.dll
0x00007ffd44f30000 - 0x00007ffd44f57000 	C:\WINDOWS\SYSTEM32\WINMM.dll
0x00007ffd50a70000 - 0x00007ffd50a82000 	C:\WINDOWS\SYSTEM32\UMPDC.dll
0x00007ffd4fed0000 - 0x00007ffd4fee2000 	C:\WINDOWS\SYSTEM32\kernel.appcore.dll
0x00007ffd4b640000 - 0x00007ffd4b64a000 	C:\Program Files\Java\jdk-21\bin\jimage.dll
0x00007ffd4fb90000 - 0x00007ffd4fd74000 	C:\WINDOWS\SYSTEM32\DBGHELP.DLL
0x00007ffd4a790000 - 0x00007ffd4a7c4000 	C:\WINDOWS\SYSTEM32\dbgcore.DLL
0x00007ffd517d0000 - 0x00007ffd51852000 	C:\WINDOWS\System32\bcryptPrimitives.dll
0x00007ffd4bea0000 - 0x00007ffd4beaf000 	C:\Program Files\Java\jdk-21\bin\instrument.dll
0x00007ffd4ae20000 - 0x00007ffd4ae3f000 	C:\Program Files\Java\jdk-21\bin\java.dll

dbghelp: loaded successfully - version: 4.0.5 - missing functions: none
symbol engine: initialized successfully - sym options: 0x614 - pdb path: .;C:\Program Files\Java\jdk-21\bin;C:\WINDOWS\SYSTEM32;C:\WINDOWS\WinSxS\amd64_microsoft.windows.common-controls_6595b64144ccf1df_6.0.19041.4355_none_60b8b9eb71f62e16;C:\Program Files\Java\jdk-21\bin\server

VM Arguments:
jvm_args: -Dmaven.multiModuleProjectDirectory=C:\Users\korol\Desktop\GeekBrains\JAVA Development Kit\HomeWork\HomeWork_6 -Djansi.passthrough=true -Dmaven.home=C:\Program Files\JetBrains\IntelliJ IDEA Community Edition 2023.2.2\plugins\maven\lib\maven3 -Dclassworlds.conf=C:\Program Files\JetBrains\IntelliJ IDEA Community Edition 2023.2.2\plugins\maven\lib\maven3\bin\m2.conf -Dmaven.ext.class.path=C:\Program Files\JetBrains\IntelliJ IDEA Community Edition 2023.2.2\plugins\maven\lib\maven-event-listener.jar -javaagent:C:\Program Files\JetBrains\IntelliJ IDEA Community Edition 2023.2.2\lib\idea_rt.jar=51550:C:\Program Files\JetBrains\IntelliJ IDEA Community Edition 2023.2.2\bin -Dfile.encoding=UTF-8 -Dsun.stdout.encoding=UTF-8 -Dsun.stderr.encoding=UTF-8 
java_command: org.codehaus.classworlds.Launcher -Didea.version=2023.2.5 test
java_class_path (initial): C:\Program Files\JetBrains\IntelliJ IDEA Community Edition 2023.2.2\plugins\maven\lib\maven3\boot\plexus-classworlds-2.7.0.jar;C:\Program Files\JetBrains\IntelliJ IDEA Community Edition 2023.2.2\plugins\maven\lib\maven3\boot\plexus-classworlds.license
Launcher Type: SUN_STANDARD

[Global flags]
     intx CICompilerCount                          = 3                                         {product} {ergonomic}
     uint ConcGCThreads                            = 1                                         {product} {ergonomic}
     uint G1ConcRefinementThreads                  = 4                                         {product} {ergonomic}
   size_t G1HeapRegionSize                         = 1048576                                   {product} {ergonomic}
    uintx GCDrainStackTargetSize                   = 64                                        {product} {ergonomic}
   size_t InitialHeapSize                          = 67108864                                  {product} {ergonomic}
   size_t MarkStackSize                            = 4194304                                   {product} {ergonomic}
   size_t MaxHeapSize                              = 1052770304                                {product} {ergonomic}
   size_t MinHeapDeltaBytes                        = 1048576                                   {product} {ergonomic}
   size_t MinHeapSize                              = 8388608                                   {product} {ergonomic}
    uintx NonNMethodCodeHeapSize                   = 5832780                                {pd product} {ergonomic}
    uintx NonProfiledCodeHeapSize                  = 122912730                              {pd product} {ergonomic}
    uintx ProfiledCodeHeapSize                     = 122912730                              {pd product} {ergonomic}
    uintx ReservedCodeCacheSize                    = 251658240                              {pd product} {ergonomic}
     bool SegmentedCodeCache                       = true                                      {product} {ergonomic}
   size_t SoftMaxHeapSize                          = 1052770304                             {manageable} {ergonomic}
     bool UseCompressedOops                        = true                           {product lp64_product} {ergonomic}
     bool UseG1GC                                  = true                                      {product} {ergonomic}
     bool UseLargePagesIndividualAllocation        = false                                  {pd product} {ergonomic}

Logging:
Log output configuration:
 #0: stdout all=warning uptime,level,tags foldmultilines=false
 #1: stderr all=off uptime,level,tags foldmultilines=false

Environment Variables:
JAVA_HOME=C:\Program Files\Java\jdk-14.0.2
PATH=C:\Program Files\Common Files\Oracle\Java\javapath;C:\Program Files (x86)\Intel\iCLS Client\;C:\Program Files\Intel\iCLS Client\;C:\WINDOWS\system32;C:\WINDOWS;C:\WINDOWS\System32\Wbem;C:\WINDOWS\System32\WindowsPowerShell\v1.0\;C:\WINDOWS\System32\OpenSSH\;C:\Program Files (x86)\Intel\Intel(R) Management Engine Components\DAL;C:\Program Files\Intel\Intel(R) Management Engine Components\DAL;C:\Program Files\Intel\WiFi\bin\;C:\Program Files\Common Files\Intel\WirelessCommon\;C:\Program Files\Java\jdk-14.0.2\bin;C:\Program Files\Git\cmd;C:\Program Files\dotnet\;C:\Program Files\Java\jdk-21\bin;;C:\Program Files\Docker\Docker\resources\bin;C:\Program Files\MySQL\MySQL Shell 8.0\bin\;C:\Users\korol\AppData\Local\Microsoft\WindowsApps;C:\Users\korol\.dotnet\tools;C:\Users\korol\AppData\Local\Programs\Python\Python311\Scripts;C:\Users\korol\AppData\Local\Programs\Microsoft VS Code\bin;C:\Program Files\JetBrains\IntelliJ IDEA Community Edition 2023.2.2\bin;;C:\Program Files\Java\jdk-21\bin;
USERNAME=korol
OS=Windows_NT
PROCESSOR_IDENTIFIER=Intel64 Family 6 Model 142 Stepping 9, GenuineIntel
TMP=C:\Users\korol\AppData\Local\Temp
TEMP=C:\Users\korol\AppData\Local\Temp




---------------  S Y S T E M  ---------------

OS:
 Windows 10 , 64 bit Build 19041 (10.0.19041.3636)
OS uptime: 3 days 23:06 hours
Hyper-V role detected

CPU: total 4 (initial active 4) (2 cores per cpu, 2 threads per core) family 6 model 142 stepping 9 microcode 0xb4, cx8, cmov, fxsr, ht, mmx, 3dnowpref, sse, sse2, sse3, ssse3, sse4.1, sse4.2, popcnt, lzcnt, tsc, tscinvbit, aes, erms, clmul, clflush, clflushopt, hv, rdtscp
Processor Information for all 4 processors :
  Max Mhz: 2304, Current Mhz: 2304, Mhz Limit: 2304

Memory: 4k page, system-wide physical 4009M (94M free)
TotalPageFile size 16297M (AvailPageFile size 44M)
current process WorkingSet (physical memory assigned to process): 10M, peak: 10M
current process commit charge ("private bytes"): 51M, peak: 115M

vm_info: Java HotSpot(TM) 64-Bit Server VM (21+35-LTS-2513) for windows-amd64 JRE (21+35-LTS-2513), built on 2023-08-09T20:25:10Z by "mach5one" with MS VC++ 17.1 (VS2022)

END.
